[2023-02-09 16:26:20] INFO [kakao.views:759] user2.0*이,Picture,게시판종류,접근
[2023-02-09 16:26:22] INFO [board.views:293] user2.0*이,Picture,게시판종류,250,게시글번호,사진,카테고리
[2023-02-09 16:26:25] INFO [board.views:390] user2.0*이,게시판종류,250,게시글번호,b'E:\\Cloud\\Workspace\\ProjectFinal\\media\\media/\xec\x82\xac\xec\xa7\x8413.jpg',를다운로드
[2023-02-09 16:26:27] INFO [board.views:924] user2.0*이,Picture,게시판종류,250,게시글번호,좋아요,사진,카테고리
[2023-02-09 16:26:28] INFO [board.views:942] user2.0*이,Picture,게시판종류,250,게시글번호,싫어요,사진,카테고리
[2023-02-09 16:26:29] INFO [board.views:964] user2.0*이,Picture,게시판종류,250,게시글번호,찜,사진,카테고리
[2023-02-09 16:26:29] INFO [board.views:293] user2.0*이,Picture,게시판종류,250,게시글번호,사진,카테고리
[2023-02-09 16:26:41] INFO [board.views:672] user2.0*이,Picture,게시판종류,250,게시글번호,사진,카테고리,신고
[2023-02-09 16:26:49] INFO [kakao.views:759] user2.0*이,Picture,게시판종류,접근
[2023-02-09 16:27:14] INFO [board.views:252] user2.0*이,Picture,게시판종류,움짤,카테고리,글작성
[2023-02-09 16:27:14] INFO [kakao.views:759] user2.0*이,Picture,게시판종류,접근
[2023-02-09 16:27:16] INFO [board.views:293] user2.0*이,Picture,게시판종류,272,게시글번호,움짤,카테고리
[2023-02-09 16:27:30] INFO [board.views:372] user2*이,Picture,게시판종류,일러스트,카테고리,272,게시글번호,수정
[2023-02-09 16:27:30] INFO [kakao.views:759] user2.0*이,Picture,게시판종류,접근
[2023-02-09 16:27:32] INFO [board.views:293] user2.0*이,Picture,게시판종류,272,게시글번호,일러스트,카테고리
[2023-02-09 16:27:34] INFO [kakao.views:759] user2.0*이,Picture,게시판종류,접근
[2023-02-09 16:29:17] INFO [board.views:252] user2.0*이,Picture,게시판종류,움짤,카테고리,글작성
[2023-02-09 16:29:17] INFO [kakao.views:759] user2.0*이,Picture,게시판종류,접근
[2023-02-09 16:29:19] INFO [board.views:293] user2.0*이,Picture,게시판종류,273,게시글번호,움짤,카테고리
[2023-02-09 16:29:20] INFO [kakao.views:759] user2.0*이,Picture,게시판종류,접근
[2023-02-09 16:30:07] INFO [board.views:253] user2.0*이,Picture,게시판종류,움짤,카테고리,글작성
[2023-02-09 16:30:07] INFO [kakao.views:759] user2.0*이,Picture,게시판종류,접근
[2023-02-09 16:30:10] INFO [board.views:294] user2.0*이,Picture,게시판종류,274,게시글번호,움짤,카테고리
[2023-02-09 16:30:13] INFO [board.views:160] user2*이,Picture,게시판종류,274,게시글번호,삭제
[2023-02-09 16:30:14] INFO [kakao.views:759] user2.0*이,Picture,게시판종류,접근
[2023-02-09 17:09:48] INFO [kakao.views:137] 유저1*이,로그아웃
[2023-02-09 17:09:48] INFO [kakao.views:78] None*이,메인페이지이동
[2023-02-09 17:10:05] INFO [kakao.views:137] user2.0*이,로그아웃
[2023-02-09 17:10:05] INFO [kakao.views:78] None*이,메인페이지이동
[2023-02-10 09:06:02] INFO [kakao.views:78] None*이,메인페이지이동
[2023-02-10 09:18:13] INFO [kakao.views:113] 사람13*이,로그인
[2023-02-10 09:18:13] INFO [kakao.views:78] 사람13*이,메인페이지이동
[2023-02-10 09:18:18] INFO [kakao.views:137] 사람13*이,로그아웃
[2023-02-10 09:18:18] INFO [kakao.views:78] None*이,메인페이지이동
[2023-02-10 09:18:26] INFO [kakao.views:113] 땃쥐15*이,로그인
[2023-02-10 09:18:26] INFO [kakao.views:78] 땃쥐15*이,메인페이지이동
[2023-02-10 09:18:47] INFO [kakao.views:137] 땃쥐15*이,로그아웃
[2023-02-10 09:18:47] INFO [kakao.views:78] None*이,메인페이지이동
[2023-02-10 09:18:55] INFO [kakao.views:113] 맷밭쥐*이,로그인
[2023-02-10 09:18:55] INFO [kakao.views:78] 맷밭쥐*이,메인페이지이동
[2023-02-10 09:19:01] INFO [kakao.views:866] 맷밭쥐*이,Free,게시판종류,로접근.
[2023-02-10 09:19:05] INFO [board.views:104] 맷밭쥐*이,Free,게시판종류,266,게시글번호,None,카테고리
[2023-02-10 09:19:08] INFO [board.views:160] ddotgi14*이,Free,게시판종류,266,게시글번호,삭제
[2023-02-10 09:19:08] INFO [kakao.views:866] 맷밭쥐*이,Free,게시판종류,로접근.
[2023-02-10 09:19:11] INFO [board.views:104] 맷밭쥐*이,Free,게시판종류,265,게시글번호,None,카테고리
[2023-02-10 09:19:13] INFO [board.views:160] ddotgi14*이,Free,게시판종류,265,게시글번호,삭제
[2023-02-10 09:19:13] INFO [kakao.views:866] 맷밭쥐*이,Free,게시판종류,로접근.
[2023-02-10 09:19:17] INFO [board.views:104] 맷밭쥐*이,Free,게시판종류,264,게시글번호,None,카테고리
[2023-02-10 09:19:19] INFO [board.views:160] ddotgi14*이,Free,게시판종류,264,게시글번호,삭제
[2023-02-10 09:19:19] INFO [kakao.views:866] 맷밭쥐*이,Free,게시판종류,로접근.
[2023-02-10 09:19:22] INFO [board.views:104] 맷밭쥐*이,Free,게시판종류,263,게시글번호,None,카테고리
[2023-02-10 09:19:24] INFO [board.views:160] ddotgi14*이,Free,게시판종류,263,게시글번호,삭제
[2023-02-10 09:19:24] INFO [kakao.views:866] 맷밭쥐*이,Free,게시판종류,로접근.
[2023-02-10 09:19:27] INFO [board.views:104] 맷밭쥐*이,Free,게시판종류,259,게시글번호,None,카테고리
[2023-02-10 09:19:31] INFO [board.views:160] ddotgi14*이,Free,게시판종류,259,게시글번호,삭제
[2023-02-10 09:19:32] INFO [kakao.views:866] 맷밭쥐*이,Free,게시판종류,로접근.
[2023-02-10 09:19:35] INFO [board.views:104] 맷밭쥐*이,Free,게시판종류,258,게시글번호,None,카테고리
[2023-02-10 09:19:40] INFO [board.views:160] ddotgi14*이,Free,게시판종류,258,게시글번호,삭제
[2023-02-10 09:19:40] INFO [kakao.views:866] 맷밭쥐*이,Free,게시판종류,로접근.
[2023-02-10 09:19:42] INFO [board.views:104] 맷밭쥐*이,Free,게시판종류,257,게시글번호,None,카테고리
[2023-02-10 09:19:45] INFO [board.views:160] ddotgi14*이,Free,게시판종류,257,게시글번호,삭제
[2023-02-10 09:19:45] INFO [kakao.views:866] 맷밭쥐*이,Free,게시판종류,로접근.
[2023-02-10 09:19:47] INFO [kakao.views:759] 맷밭쥐*이,Picture,게시판종류,접근
[2023-02-10 09:19:47] INFO [kakao.views:866] 맷밭쥐*이,Free,게시판종류,로접근.
[2023-02-10 09:19:48] INFO [kakao.views:607] 맷밭쥐*이,Music,게시판종류,접근
[2023-02-10 09:19:49] INFO [kakao.views:759] 맷밭쥐*이,Picture,게시판종류,접근
[2023-02-10 09:19:50] INFO [kakao.views:866] 맷밭쥐*이,Free,게시판종류,로접근.
[2023-02-10 09:19:51] INFO [kakao.views:960] 맷밭쥐*이,Ad,게시판종류,접근
[2023-02-10 09:19:51] INFO [kakao.views:866] 맷밭쥐*이,Free,게시판종류,로접근.
[2023-02-10 09:19:52] INFO [kakao.views:759] 맷밭쥐*이,Picture,게시판종류,접근
[2023-02-10 09:19:53] INFO [kakao.views:866] 맷밭쥐*이,Free,게시판종류,로접근.
[2023-02-10 09:19:55] INFO [kakao.views:759] 맷밭쥐*이,Picture,게시판종류,접근
[2023-02-10 09:19:58] INFO [kakao.views:866] 맷밭쥐*이,Free,게시판종류,로접근.
[2023-02-10 09:19:59] INFO [kakao.views:960] 맷밭쥐*이,Ad,게시판종류,접근
[2023-02-10 09:20:00] INFO [kakao.views:1015] 맷밭쥐*이,game,로접근.
[2023-02-10 09:20:01] INFO [kakao.views:960] 맷밭쥐*이,Ad,게시판종류,접근
[2023-02-10 09:20:02] INFO [kakao.views:866] 맷밭쥐*이,Free,게시판종류,로접근.
[2023-02-10 09:20:04] INFO [kakao.views:759] 맷밭쥐*이,Picture,게시판종류,접근
[2023-02-10 09:20:05] INFO [kakao.views:607] 맷밭쥐*이,Music,게시판종류,접근
[2023-02-10 09:21:00] INFO [kakao.views:607] 맷밭쥐*이,Music,게시판종류,접근
[2023-02-10 09:21:00] INFO [kakao.views:759] 맷밭쥐*이,Picture,게시판종류,접근
[2023-02-10 09:21:03] INFO [kakao.views:866] 맷밭쥐*이,Free,게시판종류,로접근.
[2023-02-10 09:21:07] INFO [portfolio.views:16] 맷밭쥐*이맷밭쥐의포트폴리오방문
[2023-02-10 09:21:10] INFO [kakao.views:78] 맷밭쥐*이,메인페이지이동
[2023-02-10 09:23:26] INFO [kakao.views:78] 맷밭쥐*이,메인페이지이동
[2023-02-10 09:24:07] INFO [kakao.views:960] 맷밭쥐*이,Ad,게시판종류,접근
[2023-02-10 09:28:07] INFO [kakao.views:78] 맷밭쥐*이,메인페이지이동
[2023-02-10 09:28:12] INFO [kakao.views:759] 맷밭쥐*이,Picture,게시판종류,접근
[2023-02-10 09:28:14] INFO [kakao.views:866] 맷밭쥐*이,Free,게시판종류,로접근.
[2023-02-10 09:34:13] INFO [kakao.views:960] 맷밭쥐*이,Ad,게시판종류,접근
[2023-02-10 09:34:13] INFO [kakao.views:866] 맷밭쥐*이,Free,게시판종류,로접근.
[2023-02-10 09:34:15] INFO [kakao.views:759] 맷밭쥐*이,Picture,게시판종류,접근
[2023-02-10 09:34:18] INFO [kakao.views:607] 맷밭쥐*이,Music,게시판종류,접근
[2023-02-10 09:34:22] INFO [kakao.views:960] 맷밭쥐*이,Ad,게시판종류,접근
[2023-02-10 09:34:25] INFO [kakao.views:866] 맷밭쥐*이,Free,게시판종류,로접근.
[2023-02-10 09:34:28] INFO [kakao.views:759] 맷밭쥐*이,Picture,게시판종류,접근
[2023-02-10 09:34:32] INFO [kakao.views:724] 맷밭쥐*이,Picture,게시판종류,사군자,카테고리정렬
[2023-02-10 09:34:32] INFO [kakao.views:759] 맷밭쥐*이,Picture,게시판종류,접근
[2023-02-10 09:34:34] INFO [kakao.views:724] 맷밭쥐*이,Picture,게시판종류,민화,카테고리정렬
[2023-02-10 09:34:34] INFO [kakao.views:759] 맷밭쥐*이,Picture,게시판종류,접근
[2023-02-10 09:34:36] INFO [kakao.views:724] 맷밭쥐*이,Picture,게시판종류,사진,카테고리정렬
[2023-02-10 09:34:36] INFO [kakao.views:759] 맷밭쥐*이,Picture,게시판종류,접근
[2023-02-10 09:34:37] INFO [kakao.views:724] 맷밭쥐*이,Picture,게시판종류,수묵화,카테고리정렬
[2023-02-10 09:34:37] INFO [kakao.views:759] 맷밭쥐*이,Picture,게시판종류,접근
[2023-02-10 09:34:39] INFO [kakao.views:724] 맷밭쥐*이,Picture,게시판종류,움짤,카테고리정렬
[2023-02-10 09:34:39] INFO [kakao.views:759] 맷밭쥐*이,Picture,게시판종류,접근
[2023-02-10 09:36:17] INFO [board.views:294] 맷밭쥐*이,Picture,게시판종류,210,게시글번호,움짤,카테고리
[2023-02-10 09:36:28] INFO [kakao.views:759] 맷밭쥐*이,Picture,게시판종류,접근
[2023-02-10 09:36:30] INFO [kakao.views:724] 맷밭쥐*이,Picture,게시판종류,움짤,카테고리정렬
[2023-02-10 09:36:30] INFO [kakao.views:759] 맷밭쥐*이,Picture,게시판종류,접근
[2023-02-10 09:44:18] INFO [kakao.views:724] 맷밭쥐*이,Picture,게시판종류,움짤,카테고리정렬
[2023-02-10 09:44:18] INFO [kakao.views:759] 맷밭쥐*이,Picture,게시판종류,접근
[2023-02-10 09:44:20] INFO [kakao.views:724] 맷밭쥐*이,Picture,게시판종류,움짤,카테고리정렬
[2023-02-10 09:44:20] INFO [kakao.views:759] 맷밭쥐*이,Picture,게시판종류,접근
[2023-02-10 09:52:48] INFO [kakao.views:866] 맷밭쥐*이,Free,게시판종류,로접근.
[2023-02-10 09:52:50] INFO [kakao.views:960] 맷밭쥐*이,Ad,게시판종류,접근
[2023-02-10 09:52:51] INFO [kakao.views:759] 맷밭쥐*이,Picture,게시판종류,접근
[2023-02-10 10:03:30] INFO [kakao.views:960] 맷밭쥐*이,Ad,게시판종류,접근
[2023-02-10 10:10:17] INFO [kakao.views:78] 맷밭쥐*이,메인페이지이동
[2023-02-10 10:31:05] INFO [kakao.views:78] None*이,메인페이지이동
[2023-02-10 13:40:32] INFO [kakao.views:78] None*이,메인페이지이동
[2023-02-10 13:56:11] INFO [kakao.views:78] None*이,메인페이지이동
[2023-02-10 13:56:43] INFO [portfolio.views:16] None*이명지대다람이의포트폴리오방문
[2023-02-10 13:56:46] INFO [kakao.views:78] None*이,메인페이지이동
